# 조인의 종류

## 조인이란?

두 개 이상의 테이블을 묶어 하나의 결과물로 보여주는 것으로, NoSQL에서는 조인연산의 성능이 떨어지므로 사용을 지양해야 한다.  

## **Inner Join**

![image](https://user-images.githubusercontent.com/53592454/205485748-1bfa6543-4539-41ad-a44e-6e16c8e6fc8b.png)

```sql
SELECT Orders.OrderID, Customers.CustomerName, Shippers.ShipperName
FROM ((Orders
INNER JOIN Customers ON Orders.CustomerID = Customers.CustomerID)
INNER JOIN Shippers ON Orders.ShipperID = Shippers.ShipperID);
```

## Left Join

![image](https://user-images.githubusercontent.com/53592454/205485766-38767d19-e86f-4e23-abcc-aee3e70c67aa.png)


```sql
SELECT Customers.CustomerName, Orders.OrderID
FROM Customers
LEFT JOIN Orders ON Customers.CustomerID = Orders.CustomerID
ORDER BY Customers.CustomerName;
```

## Right Join

![image](https://user-images.githubusercontent.com/53592454/205485781-ff373ea0-b76a-4310-9763-bbb2645130f5.png)


```sql
SELECT Orders.OrderID, Employees.LastName, Employees.FirstName
FROM Orders
RIGHT JOIN Employees ON Orders.EmployeeID = Employees.EmployeeID
ORDER BY Orders.OrderID;
```

## Full Outer Join

- Full Join = Full Outer Join

![image](https://user-images.githubusercontent.com/53592454/205485788-599d3ab3-f818-493d-8008-13c26993397b.png)


```sql
SELECT Customers.CustomerName, Orders.OrderID
FROM Customers
FULL OUTER JOIN Orders ON Customers.CustomerID=Orders.CustomerID
ORDER BY Customers.CustomerName;
```

# 조인의 원리

## 중첩 루프 조인 *Nested Loop Join NLJ*

중첩 루프와 같은 원리로 조건에 맞는 조인을 하는 방법이며, 랜덤 접근 시 비용이 기하급수적으로 증가해 대용량 테이블에서는 사용하지 않는다.

```sql
for each row in t1 matching reference key {
		for each row in t2 matching reference key {
				if row satisfies join conditions, send to client
	  } 
} 
```

## 정렬 병합 조인

각각의 테이블을 조인할 필드 기준으로 정렬하고, 정렬이 끝난 이후에 조인 작업 처리하는 방법이다. 조인할 때 쓸 적절한 인덱스가 없고, 대용량의 테이블들을 조인하고 조인 조건으로 대소비교연산자(`<` ,`>` ) 가 있을 때 사용한다.

## 해시 조인

해시 테이블을 기반으로 조인하는 방법이다. 조인 조건으로 동등비교 연산자가 있을 때만***equi join*** 사용한다. 

### 하나의 테이블이 온전히 메모리에 올라갈 수 있다면 NLJ 보다 효율적이다.

> A hash join is ***usually faster than*** and is intended to be used in such cases ***instead of*** the block nested loop algorithm(**BNL**)
> 

MySQL 8.0.18 버전부터 해시조인을 지원(hash_join=on or hash_join=off)하며, MySQL 8.0.20버전부터 BNL이 삭제되어서 BNL으로 처리되던 조인들이 default 해시조인으로 처리된다. 

```sql
mysql> EXPLAIN FORMAT=TREE
    -> SELECT *
    ->     FROM t1
    ->     JOIN t2
    ->         ON (t1.c1 = t2.c1 AND t1.c2 < t2.c2)
    ->     JOIN t3
    ->         ON (t2.c1 = t3.c1)\G
*************************** 1. row ***************************
EXPLAIN: -> Inner hash join (t3.c1 = t1.c1)  (cost=1.05 rows=1)
    -> Table scan on t3  (cost=0.35 rows=1)
    -> Hash
        -> Filter: (t1.c2 < t2.c2)  (cost=0.70 rows=1)
            -> Inner hash join (t2.c1 = t1.c1)  (cost=0.70 rows=1)
                -> Table scan on t2  (cost=0.35 rows=1)
                -> Hash
                    -> Table scan on t1  (cost=0.35 rows=1)
```

### 해시 조인의 단계

#### 1. 빌드 단계 : 인메모리 해시 테이블 생성
- 해시 조건 필드 중 **크기가 작은 테이블로** 해시 테이블 생성

![image](https://user-images.githubusercontent.com/53592454/205485823-eba2347e-2405-4411-bedb-6578de9d7a8a.png)

#### 2. 프로브 단계 : 해시테이블을 읽어 조인 수행
- 해시테이블에서 persons의 country_id를 읽어 매칭되면 Client로 보냄
- 테이블을 두번 읽지 않고, **한번만 읽는다**는 장점


![image](https://user-images.githubusercontent.com/53592454/205485832-ba909fae-ea91-4c97-91f7-331fd112797f.png)


## References

[https://dev.mysql.com/doc/refman/8.0/en/nested-loop-joins.html#block-nested-loop-join-algorithm](https://dev.mysql.com/doc/refman/8.0/en/nested-loop-joins.html#block-nested-loop-join-algorithm)

[https://dev.mysql.com/doc/refman/8.0/en/hash-joins.html](https://dev.mysql.com/doc/refman/8.0/en/hash-joins.html)

[https://dev.mysql.com/blog-archive/hash-join-in-mysql-8/](https://dev.mysql.com/blog-archive/hash-join-in-mysql-8/)
